nohup: ignoring input
[GIN-debug] [WARNING] Creating an Engine instance with the Logger and Recovery middleware already attached.

[GIN-debug] [WARNING] Running in "debug" mode. Switch to "release" mode in production.
 - using env:	export GIN_MODE=release
 - using code:	gin.SetMode(gin.ReleaseMode)

[GIN-debug] GET    /ping                     --> main.main.func1 (3 handlers)
[GIN-debug] POST   /webhook/event            --> main.main.NewEventHandlerFunc.func5 (3 handlers)
2024/08/11 15:53:19 http server started: http://localhost:9000/webhook/event

[GIN-debug] [WARNING] You trusted all proxies, this is NOT safe. We recommend you to set a value.
Please check https://pkg.go.dev/github.com/gin-gonic/gin#readme-don-t-trust-all-proxies for details.
[GIN-debug] Listening and serving HTTP on :9000
time="2024-08-11T15:53:34+08:00" level=info msg="Handling message: {\"name\":\"五福家园\",\"longitude\":\"116.265048\",\"latitude\":\"40.145303\"}"
time="2024-08-11T15:53:34+08:00" level=info msg="收到位置消息: {\"name\":\"五福家园\",\"longitude\":\"116.265048\",\"latitude\":\"40.145303\"}"
time="2024-08-11T15:53:34+08:00" level=info msg="消息体: chatID: oc_ee9a94ca81e2fbce54e739144392c266, chatType: group"
time="2024-08-11T15:53:34+08:00" level=info msg="已保存群聊 oc_ee9a94ca81e2fbce54e739144392c266 的位置: 地区 五福家园 纬度 40.145303, 经度 116.265048"
2024/08/11 15:53:34 [Debug] [req:POST,/open-apis/auth/v3/tenant_access_token/internal]
2024/08/11 15:53:34 [Debug] [req:POST,/open-apis/im/v1/messages]
time="2024-08-11T15:53:35+08:00" level=info msg="Finishing handling message: {\"name\":\"五福家园\",\"longitude\":\"116.265048\",\"latitude\":\"40.145303\"}"
[GIN] 2024/08/11 - 15:53:35 | 200 |  525.943703ms | 220.243.131.172 | POST     "/webhook/event"
time="2024-08-11T15:53:39+08:00" level=info msg="Handling message: {\"text\":\"@_user_1 /now\"}"
time="2024-08-11T15:53:39+08:00" level=info msg="进入到了消息处理器, 消息内容: {\"text\":\"@_user_1 /now\"}"
time="2024-08-11T15:53:39+08:00" level=info msg="QWeatherHandler is handling the message"
time="2024-08-11T15:53:39+08:00" level=info msg="handling now weather"
2024/08/11 15:53:39 [Debug] [req:POST,/open-apis/im/v1/messages]
time="2024-08-11T15:53:40+08:00" level=info msg="Finishing handling message: {\"text\":\"@_user_1 /now\"}"
[GIN] 2024/08/11 - 15:53:40 | 200 |  522.543559ms |   123.58.10.238 | POST     "/webhook/event"
time="2024-08-11T15:53:42+08:00" level=info msg="Handling message: {\"text\":\"@_user_1\"}"
time="2024-08-11T15:53:42+08:00" level=info msg="进入到了消息处理器, 消息内容: {\"text\":\"@_user_1\"}"
time="2024-08-11T15:53:42+08:00" level=info msg="QWeatherHandler is handling the message"
time="2024-08-11T15:53:42+08:00" level=error msg="invalid command: @_user_1"
2024/08/11 15:53:42 [Debug] [req:POST,/open-apis/im/v1/messages]
time="2024-08-11T15:53:43+08:00" level=info msg="Finishing handling message: {\"text\":\"@_user_1\"}"
[GIN] 2024/08/11 - 15:53:43 | 200 |  381.367193ms |   123.58.10.239 | POST     "/webhook/event"
time="2024-08-11T15:53:47+08:00" level=info msg="Handling message: {\"text\":\"@_user_1 /rain\"}"
time="2024-08-11T15:53:47+08:00" level=info msg="进入到了消息处理器, 消息内容: {\"text\":\"@_user_1 /rain\"}"
time="2024-08-11T15:53:47+08:00" level=info msg="QWeatherHandler is handling the message"
time="2024-08-11T15:53:47+08:00" level=info msg="handling rain weather"
2024/08/11 15:53:47 [Debug] [req:POST,/open-apis/im/v1/messages]
time="2024-08-11T15:53:48+08:00" level=info msg="Finishing handling message: {\"text\":\"@_user_1 /rain\"}"
[GIN] 2024/08/11 - 15:53:48 | 200 |  522.961156ms |   123.58.10.239 | POST     "/webhook/event"
time="2024-08-11T15:53:55+08:00" level=info msg="Handling message: {\"text\":\"@_user_1 /now/河西\"}"
time="2024-08-11T15:53:55+08:00" level=info msg="进入到了消息处理器, 消息内容: {\"text\":\"@_user_1 /now/河西\"}"
time="2024-08-11T15:53:55+08:00" level=info msg="QWeatherHandler is handling the message"
time="2024-08-11T15:53:55+08:00" level=info msg="handling now weather"
2024/08/11 15:53:55 [Debug] [req:POST,/open-apis/im/v1/messages]
time="2024-08-11T15:53:56+08:00" level=info msg="Finishing handling message: {\"text\":\"@_user_1 /now/河西\"}"
[GIN] 2024/08/11 - 15:53:56 | 200 |   532.55281ms |   123.58.10.238 | POST     "/webhook/event"
time="2024-08-11T15:54:11+08:00" level=info msg="Handling message: {\"text\":\"@_user_1 /rain/天津河西\"}"
time="2024-08-11T15:54:11+08:00" level=info msg="进入到了消息处理器, 消息内容: {\"text\":\"@_user_1 /rain/天津河西\"}"
time="2024-08-11T15:54:11+08:00" level=info msg="QWeatherHandler is handling the message"
time="2024-08-11T15:54:11+08:00" level=info msg="handling rain weather"
2024/08/11 15:54:11 [Debug] [req:POST,/open-apis/im/v1/messages]
time="2024-08-11T15:54:11+08:00" level=info msg="Finishing handling message: {\"text\":\"@_user_1 /rain/天津河西\"}"
[GIN] 2024/08/11 - 15:54:11 | 200 |  497.233237ms |   123.58.10.239 | POST     "/webhook/event"
time="2024-08-11T15:54:21+08:00" level=info msg="Handling message: {\"text\":\"@_user_1 /now/天津河西\"}"
time="2024-08-11T15:54:21+08:00" level=info msg="进入到了消息处理器, 消息内容: {\"text\":\"@_user_1 /now/天津河西\"}"
time="2024-08-11T15:54:21+08:00" level=info msg="QWeatherHandler is handling the message"
time="2024-08-11T15:54:21+08:00" level=info msg="handling now weather"
2024/08/11 15:54:21 [Debug] [req:POST,/open-apis/im/v1/messages]
time="2024-08-11T15:54:21+08:00" level=info msg="Finishing handling message: {\"text\":\"@_user_1 /now/天津河西\"}"
[GIN] 2024/08/11 - 15:54:21 | 200 |  508.521128ms |   123.58.10.238 | POST     "/webhook/event"
time="2024-08-11T15:55:00+08:00" level=info msg="Handling message: {\"text\":\"@_user_1 /rain/天津河西\"}"
time="2024-08-11T15:55:00+08:00" level=info msg="进入到了消息处理器, 消息内容: {\"text\":\"@_user_1 /rain/天津河西\"}"
time="2024-08-11T15:55:00+08:00" level=info msg="QWeatherHandler is handling the message"
time="2024-08-11T15:55:00+08:00" level=info msg="handling rain weather"
2024/08/11 15:55:00 [Debug] [req:POST,/open-apis/im/v1/messages]
time="2024-08-11T15:55:00+08:00" level=info msg="Finishing handling message: {\"text\":\"@_user_1 /rain/天津河西\"}"
[GIN] 2024/08/11 - 15:55:00 | 200 |   530.43072ms |   123.58.10.238 | POST     "/webhook/event"
time="2024-08-11T15:55:10+08:00" level=info msg="Handling message: {\"text\":\"@_user_1 /now/天津武清\"}"
time="2024-08-11T15:55:10+08:00" level=info msg="进入到了消息处理器, 消息内容: {\"text\":\"@_user_1 /now/天津武清\"}"
time="2024-08-11T15:55:10+08:00" level=info msg="QWeatherHandler is handling the message"
time="2024-08-11T15:55:10+08:00" level=info msg="handling now weather"
2024/08/11 15:55:10 [Debug] [req:POST,/open-apis/im/v1/messages]
time="2024-08-11T15:55:10+08:00" level=info msg="Finishing handling message: {\"text\":\"@_user_1 /now/天津武清\"}"
[GIN] 2024/08/11 - 15:55:10 | 200 |  528.477665ms | 220.243.131.173 | POST     "/webhook/event"
time="2024-08-11T15:55:48+08:00" level=info msg="Handling message: {\"name\":\"东花园大楼\",\"longitude\":\"117.274310\",\"latitude\":\"39.071281\"}"
time="2024-08-11T15:55:48+08:00" level=info msg="收到位置消息: {\"name\":\"东花园大楼\",\"longitude\":\"117.274310\",\"latitude\":\"39.071281\"}"
time="2024-08-11T15:55:48+08:00" level=info msg="消息体: chatID: oc_ee9a94ca81e2fbce54e739144392c266, chatType: group"
time="2024-08-11T15:55:48+08:00" level=info msg="已保存群聊 oc_ee9a94ca81e2fbce54e739144392c266 的位置: 地区 东花园大楼 纬度 39.071281, 经度 117.274310"
2024/08/11 15:55:48 [Debug] [req:POST,/open-apis/im/v1/messages]
time="2024-08-11T15:55:48+08:00" level=info msg="Finishing handling message: {\"name\":\"东花园大楼\",\"longitude\":\"117.274310\",\"latitude\":\"39.071281\"}"
[GIN] 2024/08/11 - 15:55:48 | 200 |  373.167076ms | 220.243.131.172 | POST     "/webhook/event"
time="2024-08-11T15:55:55+08:00" level=info msg="Handling message: {\"text\":\"@_user_1 /now\"}"
time="2024-08-11T15:55:55+08:00" level=info msg="进入到了消息处理器, 消息内容: {\"text\":\"@_user_1 /now\"}"
time="2024-08-11T15:55:55+08:00" level=info msg="QWeatherHandler is handling the message"
time="2024-08-11T15:55:55+08:00" level=info msg="handling now weather"
2024/08/11 15:55:55 [Debug] [req:POST,/open-apis/im/v1/messages]
time="2024-08-11T15:55:55+08:00" level=info msg="Finishing handling message: {\"text\":\"@_user_1 /now\"}"
[GIN] 2024/08/11 - 15:55:55 | 200 |  476.217594ms | 220.243.131.172 | POST     "/webhook/event"
time="2024-08-11T15:56:04+08:00" level=info msg="Handling message: {\"text\":\"@_user_1\"}"
time="2024-08-11T15:56:04+08:00" level=info msg="进入到了消息处理器, 消息内容: {\"text\":\"@_user_1\"}"
time="2024-08-11T15:56:04+08:00" level=info msg="QWeatherHandler is handling the message"
time="2024-08-11T15:56:04+08:00" level=error msg="invalid command: @_user_1"
2024/08/11 15:56:04 [Debug] [req:POST,/open-apis/im/v1/messages]
time="2024-08-11T15:56:05+08:00" level=info msg="Finishing handling message: {\"text\":\"@_user_1\"}"
[GIN] 2024/08/11 - 15:56:05 | 200 |  393.286607ms |   123.58.10.238 | POST     "/webhook/event"
2024/08/11 15:56:13 [Error] [handle event,path:/webhook/event,err: unsupported message type]
[GIN] 2024/08/11 - 15:56:13 | 500 |    4.835842ms | 220.243.131.172 | POST     "/webhook/event"
time="2024-08-11T15:56:14+08:00" level=info msg="Handling message: {\"text\":\"@_user_1 /now\"}"
time="2024-08-11T15:56:14+08:00" level=info msg="进入到了消息处理器, 消息内容: {\"text\":\"@_user_1 /now\"}"
time="2024-08-11T15:56:14+08:00" level=info msg="QWeatherHandler is handling the message"
time="2024-08-11T15:56:14+08:00" level=info msg="handling now weather"
2024/08/11 15:56:14 [Debug] [req:POST,/open-apis/im/v1/messages]
time="2024-08-11T15:56:14+08:00" level=info msg="Finishing handling message: {\"text\":\"@_user_1 /now\"}"
[GIN] 2024/08/11 - 15:56:14 | 200 |  483.930484ms |   123.58.10.239 | POST     "/webhook/event"
time="2024-08-11T15:56:31+08:00" level=info msg="Handling message: {\"text\":\"@_user_1 /now/榆次\"}"
time="2024-08-11T15:56:31+08:00" level=info msg="进入到了消息处理器, 消息内容: {\"text\":\"@_user_1 /now/榆次\"}"
time="2024-08-11T15:56:31+08:00" level=info msg="QWeatherHandler is handling the message"
time="2024-08-11T15:56:31+08:00" level=info msg="handling now weather"
2024/08/11 15:56:31 [Debug] [req:POST,/open-apis/im/v1/messages]
time="2024-08-11T15:56:32+08:00" level=info msg="Finishing handling message: {\"text\":\"@_user_1 /now/榆次\"}"
[GIN] 2024/08/11 - 15:56:32 | 200 |   510.57755ms |   123.58.10.238 | POST     "/webhook/event"
time="2024-08-11T15:57:11+08:00" level=info msg="Handling message: {\"text\":\"[在做了]\"}"
time="2024-08-11T15:57:11+08:00" level=info msg="进入到了消息处理器, 消息内容: {\"text\":\"[在做了]\"}"
time="2024-08-11T15:57:11+08:00" level=info msg="未艾特机器人, 不处理"
time="2024-08-11T15:57:11+08:00" level=info msg="Finishing handling message: {\"text\":\"[在做了]\"}"
[GIN] 2024/08/11 - 15:57:11 | 200 |    3.863798ms |   123.58.10.238 | POST     "/webhook/event"
time="2024-08-11T15:57:41+08:00" level=info msg="Handling message: {\"text\":\"及时雨大人好厉害[稍等]\"}"
time="2024-08-11T15:57:41+08:00" level=info msg="进入到了消息处理器, 消息内容: {\"text\":\"及时雨大人好厉害[稍等]\"}"
time="2024-08-11T15:57:41+08:00" level=info msg="未艾特机器人, 不处理"
time="2024-08-11T15:57:41+08:00" level=info msg="Finishing handling message: {\"text\":\"及时雨大人好厉害[稍等]\"}"
[GIN] 2024/08/11 - 15:57:41 | 200 |    4.190305ms |   123.58.10.238 | POST     "/webhook/event"
time="2024-08-11T15:58:01+08:00" level=info msg="Handling message: {\"text\":\"@_user_1 你好\"}"
time="2024-08-11T15:58:01+08:00" level=info msg="进入到了消息处理器, 消息内容: {\"text\":\"@_user_1 你好\"}"
time="2024-08-11T15:58:01+08:00" level=info msg="QWeatherHandler is handling the message"
time="2024-08-11T15:58:01+08:00" level=error msg="invalid command: 你好"
2024/08/11 15:58:01 [Debug] [req:POST,/open-apis/im/v1/messages]
time="2024-08-11T15:58:01+08:00" level=info msg="Finishing handling message: {\"text\":\"@_user_1 你好\"}"
[GIN] 2024/08/11 - 15:58:01 | 200 |  371.998152ms |   123.58.10.238 | POST     "/webhook/event"
time="2024-08-11T16:08:58+08:00" level=info msg="Handling message: {\"name\":\"上海浦东国际机场\",\"longitude\":\"121.808682\",\"latitude\":\"31.142267\"}"
time="2024-08-11T16:08:58+08:00" level=info msg="收到位置消息: {\"name\":\"上海浦东国际机场\",\"longitude\":\"121.808682\",\"latitude\":\"31.142267\"}"
time="2024-08-11T16:08:58+08:00" level=info msg="消息体: chatID: oc_8f43329098cfc919213c3c87007f5409, chatType: group"
time="2024-08-11T16:08:58+08:00" level=info msg="已保存群聊 oc_8f43329098cfc919213c3c87007f5409 的位置: 地区 上海浦东国际机场 纬度 31.142267, 经度 121.808682"
2024/08/11 16:08:58 [Debug] [req:POST,/open-apis/im/v1/messages]
time="2024-08-11T16:08:59+08:00" level=info msg="Finishing handling message: {\"name\":\"上海浦东国际机场\",\"longitude\":\"121.808682\",\"latitude\":\"31.142267\"}"
[GIN] 2024/08/11 - 16:08:59 | 200 |  423.529172ms | 220.243.131.173 | POST     "/webhook/event"
time="2024-08-11T16:13:18+08:00" level=info msg="Handling message: {\"text\":\"@_user_1 /today\"}"
time="2024-08-11T16:13:18+08:00" level=info msg="进入到了消息处理器, 消息内容: {\"text\":\"@_user_1 /today\"}"
time="2024-08-11T16:13:18+08:00" level=info msg="QWeatherHandler is handling the message"
time="2024-08-11T16:13:18+08:00" level=info msg="handling today weather"
2024/08/11 16:13:18 [Debug] [req:POST,/open-apis/im/v1/messages]
time="2024-08-11T16:13:18+08:00" level=info msg="Finishing handling message: {\"text\":\"@_user_1 /today\"}"
[GIN] 2024/08/11 - 16:13:18 | 200 |  699.976027ms | 220.243.131.173 | POST     "/webhook/event"
time="2024-08-11T16:13:48+08:00" level=info msg="Handling message: {\"text\":\"@_user_1 /today/苏州\"}"
time="2024-08-11T16:13:48+08:00" level=info msg="进入到了消息处理器, 消息内容: {\"text\":\"@_user_1 /today/苏州\"}"
time="2024-08-11T16:13:48+08:00" level=info msg="QWeatherHandler is handling the message"
time="2024-08-11T16:13:48+08:00" level=info msg="handling today weather"
2024/08/11 16:13:48 [Debug] [req:POST,/open-apis/im/v1/messages]
time="2024-08-11T16:13:49+08:00" level=info msg="Finishing handling message: {\"text\":\"@_user_1 /today/苏州\"}"
[GIN] 2024/08/11 - 16:13:49 | 200 |  691.152754ms |   123.58.10.239 | POST     "/webhook/event"
[GIN] 2024/08/11 - 16:14:16 | 404 |         742ns |  220.196.160.83 | GET      "/webhook/event"
time="2024-08-11T16:15:57+08:00" level=info msg="Handling message: {\"text\":\"@_user_1 /now\"}"
time="2024-08-11T16:15:57+08:00" level=info msg="进入到了消息处理器, 消息内容: {\"text\":\"@_user_1 /now\"}"
time="2024-08-11T16:15:57+08:00" level=info msg="QWeatherHandler is handling the message"
time="2024-08-11T16:15:57+08:00" level=info msg="handling now weather"
2024/08/11 16:15:57 [Debug] [req:POST,/open-apis/im/v1/messages]
time="2024-08-11T16:15:57+08:00" level=info msg="Finishing handling message: {\"text\":\"@_user_1 /now\"}"
[GIN] 2024/08/11 - 16:15:57 | 200 |  509.608779ms | 220.243.131.172 | POST     "/webhook/event"
time="2024-08-11T16:16:20+08:00" level=info msg="Handling message: {\"text\":\"@_user_1 /now/苏州\"}"
time="2024-08-11T16:16:20+08:00" level=info msg="进入到了消息处理器, 消息内容: {\"text\":\"@_user_1 /now/苏州\"}"
time="2024-08-11T16:16:20+08:00" level=info msg="QWeatherHandler is handling the message"
time="2024-08-11T16:16:20+08:00" level=info msg="handling now weather"
2024/08/11 16:16:20 [Debug] [req:POST,/open-apis/im/v1/messages]
time="2024-08-11T16:16:21+08:00" level=info msg="Finishing handling message: {\"text\":\"@_user_1 /now/苏州\"}"
[GIN] 2024/08/11 - 16:16:21 | 200 |   525.97338ms | 220.243.131.172 | POST     "/webhook/event"
time="2024-08-11T16:16:37+08:00" level=info msg="Handling message: {\"text\":\"@_user_1 /now/深圳\"}"
time="2024-08-11T16:16:37+08:00" level=info msg="进入到了消息处理器, 消息内容: {\"text\":\"@_user_1 /now/深圳\"}"
time="2024-08-11T16:16:37+08:00" level=info msg="QWeatherHandler is handling the message"
time="2024-08-11T16:16:37+08:00" level=info msg="handling now weather"
2024/08/11 16:16:37 [Debug] [req:POST,/open-apis/im/v1/messages]
time="2024-08-11T16:16:38+08:00" level=info msg="Finishing handling message: {\"text\":\"@_user_1 /now/深圳\"}"
[GIN] 2024/08/11 - 16:16:38 | 200 |  596.981806ms |   123.58.10.239 | POST     "/webhook/event"
time="2024-08-11T16:20:50+08:00" level=info msg="Handling message: {\"text\":\"@_user_1 /warning\"}"
time="2024-08-11T16:20:50+08:00" level=info msg="进入到了消息处理器, 消息内容: {\"text\":\"@_user_1 /warning\"}"
time="2024-08-11T16:20:50+08:00" level=info msg="QWeatherHandler is handling the message"
time="2024-08-11T16:20:50+08:00" level=info msg="handling warning weather"
2024/08/11 16:20:51 [Debug] [req:POST,/open-apis/im/v1/messages]
time="2024-08-11T16:20:51+08:00" level=info msg="Finishing handling message: {\"text\":\"@_user_1 /warning\"}"
[GIN] 2024/08/11 - 16:20:51 | 200 |  535.557448ms |   123.58.10.238 | POST     "/webhook/event"
time="2024-08-11T16:21:25+08:00" level=info msg="Handling message: {\"text\":\"@_user_1 /warning/山西\"}"
time="2024-08-11T16:21:25+08:00" level=info msg="进入到了消息处理器, 消息内容: {\"text\":\"@_user_1 /warning/山西\"}"
time="2024-08-11T16:21:25+08:00" level=info msg="QWeatherHandler is handling the message"
time="2024-08-11T16:21:25+08:00" level=info msg="handling warning weather"
2024/08/11 16:21:25 [Debug] [req:POST,/open-apis/im/v1/messages]
time="2024-08-11T16:21:26+08:00" level=info msg="Finishing handling message: {\"text\":\"@_user_1 /warning/山西\"}"
[GIN] 2024/08/11 - 16:21:26 | 200 |  488.715159ms |   123.58.10.238 | POST     "/webhook/event"
time="2024-08-11T16:21:32+08:00" level=info msg="Handling message: {\"text\":\"@_user_1 /warning/广州\"}"
time="2024-08-11T16:21:32+08:00" level=info msg="进入到了消息处理器, 消息内容: {\"text\":\"@_user_1 /warning/广州\"}"
time="2024-08-11T16:21:32+08:00" level=info msg="QWeatherHandler is handling the message"
time="2024-08-11T16:21:32+08:00" level=info msg="handling warning weather"
2024/08/11 16:21:33 [Debug] [req:POST,/open-apis/im/v1/messages]
time="2024-08-11T16:21:33+08:00" level=info msg="Finishing handling message: {\"text\":\"@_user_1 /warning/广州\"}"
[GIN] 2024/08/11 - 16:21:33 | 200 |  442.394069ms | 220.243.131.173 | POST     "/webhook/event"
time="2024-08-11T16:21:39+08:00" level=info msg="Handling message: {\"text\":\"@_user_1 /warning/江苏\"}"
time="2024-08-11T16:21:39+08:00" level=info msg="进入到了消息处理器, 消息内容: {\"text\":\"@_user_1 /warning/江苏\"}"
time="2024-08-11T16:21:39+08:00" level=info msg="QWeatherHandler is handling the message"
time="2024-08-11T16:21:39+08:00" level=info msg="handling warning weather"
2024/08/11 16:21:39 [Debug] [req:POST,/open-apis/im/v1/messages]
time="2024-08-11T16:21:39+08:00" level=info msg="Finishing handling message: {\"text\":\"@_user_1 /warning/江苏\"}"
[GIN] 2024/08/11 - 16:21:39 | 200 |   498.91422ms |   123.58.10.238 | POST     "/webhook/event"
time="2024-08-11T16:23:27+08:00" level=info msg="Handling message: {\"text\":\"@_user_1 /warning/连云港\"}"
time="2024-08-11T16:23:27+08:00" level=info msg="进入到了消息处理器, 消息内容: {\"text\":\"@_user_1 /warning/连云港\"}"
time="2024-08-11T16:23:27+08:00" level=info msg="QWeatherHandler is handling the message"
time="2024-08-11T16:23:27+08:00" level=info msg="handling warning weather"
2024/08/11 16:23:27 [Debug] [req:POST,/open-apis/auth/v3/tenant_access_token/internal]
2024/08/11 16:23:27 [Debug] [req:POST,/open-apis/im/v1/messages]
time="2024-08-11T16:23:28+08:00" level=info msg="Finishing handling message: {\"text\":\"@_user_1 /warning/连云港\"}"
[GIN] 2024/08/11 - 16:23:28 | 200 |  800.923151ms |   123.58.10.238 | POST     "/webhook/event"
time="2024-08-11T16:25:58+08:00" level=info msg="Handling message: {\"text\":\"@_user_1 /rain\"}"
time="2024-08-11T16:25:58+08:00" level=info msg="进入到了消息处理器, 消息内容: {\"text\":\"@_user_1 /rain\"}"
time="2024-08-11T16:25:58+08:00" level=info msg="QWeatherHandler is handling the message"
time="2024-08-11T16:25:58+08:00" level=info msg="handling rain weather"
2024/08/11 16:25:58 [Debug] [req:POST,/open-apis/im/v1/messages]
time="2024-08-11T16:25:59+08:00" level=info msg="Finishing handling message: {\"text\":\"@_user_1 /rain\"}"
[GIN] 2024/08/11 - 16:25:59 | 200 |  546.516996ms | 220.243.131.173 | POST     "/webhook/event"
time="2024-08-11T16:26:22+08:00" level=info msg="Handling message: {\"text\":\"@_user_1 /rain/北京海淀\"}"
time="2024-08-11T16:26:22+08:00" level=info msg="进入到了消息处理器, 消息内容: {\"text\":\"@_user_1 /rain/北京海淀\"}"
time="2024-08-11T16:26:22+08:00" level=info msg="QWeatherHandler is handling the message"
time="2024-08-11T16:26:22+08:00" level=info msg="handling rain weather"
2024/08/11 16:26:22 [Debug] [req:POST,/open-apis/im/v1/messages]
time="2024-08-11T16:26:22+08:00" level=info msg="Finishing handling message: {\"text\":\"@_user_1 /rain/北京海淀\"}"
[GIN] 2024/08/11 - 16:26:22 | 200 |  639.847736ms |   123.58.10.239 | POST     "/webhook/event"
time="2024-08-11T16:40:32+08:00" level=info msg="Handling message: {\"text\":\"@_user_1 /rain\"}"
time="2024-08-11T16:40:32+08:00" level=info msg="进入到了消息处理器, 消息内容: {\"text\":\"@_user_1 /rain\"}"
time="2024-08-11T16:40:32+08:00" level=info msg="QWeatherHandler is handling the message"
time="2024-08-11T16:40:32+08:00" level=info msg="handling rain weather"
2024/08/11 16:40:32 [Debug] [req:POST,/open-apis/im/v1/messages]
time="2024-08-11T16:40:32+08:00" level=info msg="Finishing handling message: {\"text\":\"@_user_1 /rain\"}"
[GIN] 2024/08/11 - 16:40:32 | 200 |  564.052873ms |   123.58.10.239 | POST     "/webhook/event"
time="2024-08-11T16:41:48+08:00" level=info msg="Handling message: {\"text\":\"@_user_1 /rain\"}"
time="2024-08-11T16:41:48+08:00" level=info msg="进入到了消息处理器, 消息内容: {\"text\":\"@_user_1 /rain\"}"
time="2024-08-11T16:41:48+08:00" level=info msg="QWeatherHandler is handling the message"
time="2024-08-11T16:41:48+08:00" level=info msg="handling rain weather"
2024/08/11 16:41:48 [Debug] [req:POST,/open-apis/im/v1/messages]
time="2024-08-11T16:41:48+08:00" level=info msg="Finishing handling message: {\"text\":\"@_user_1 /rain\"}"
[GIN] 2024/08/11 - 16:41:48 | 200 |  491.751915ms | 220.243.131.173 | POST     "/webhook/event"
time="2024-08-11T16:45:19+08:00" level=info msg="Handling message: {\"text\":\"@_user_1 /rain/today\"}"
time="2024-08-11T16:45:19+08:00" level=info msg="进入到了消息处理器, 消息内容: {\"text\":\"@_user_1 /rain/today\"}"
time="2024-08-11T16:45:19+08:00" level=info msg="QWeatherHandler is handling the message"
time="2024-08-11T16:45:19+08:00" level=info msg="handling rain weather"
time="2024-08-11T16:45:19+08:00" level=error msg="CityLookup error: CityLookup request failed with status code: 404, msg: 查询的数据或地区不存在。"
time="2024-08-11T16:45:19+08:00" level=error msg="getLonLaAndCityName error: CityLookup request failed with status code: 404, msg: 查询的数据或地区不存在。"
2024/08/11 16:45:19 [Debug] [req:POST,/open-apis/im/v1/messages]
time="2024-08-11T16:45:20+08:00" level=error msg="handle command error: CityLookup request failed with status code: 404, msg: 查询的数据或地区不存在。"
time="2024-08-11T16:45:20+08:00" level=info msg="Finishing handling message: {\"text\":\"@_user_1 /rain/today\"}"
time="2024-08-11T16:45:20+08:00" level=error msg="handling message: {\"text\":\"@_user_1 /rain/today\"} failed: CityLookup request failed with status code: 404, msg: 查询的数据或地区不存在。"
2024/08/11 16:45:20 [Error] [handle event,path:/webhook/event,err: CityLookup request failed with status code: 404, msg: 查询的数据或地区不存在。]
[GIN] 2024/08/11 - 16:45:20 | 500 |  437.906416ms |   123.58.10.239 | POST     "/webhook/event"
2024/08/11 16:56:14 [Error] [handle event,path:/webhook/event,err: unsupported message type]
[GIN] 2024/08/11 - 16:56:14 | 500 |    4.407023ms |   123.58.10.239 | POST     "/webhook/event"
time="2024-08-11T18:07:22+08:00" level=info msg="Handling message: {\"text\":\"@_user_1 ...\"}"
time="2024-08-11T18:07:22+08:00" level=info msg="进入到了消息处理器, 消息内容: {\"text\":\"@_user_1 ...\"}"
time="2024-08-11T18:07:22+08:00" level=info msg="未艾特机器人, 不处理"
time="2024-08-11T18:07:22+08:00" level=info msg="Finishing handling message: {\"text\":\"@_user_1 ...\"}"
[GIN] 2024/08/11 - 18:07:22 | 200 |    3.671717ms |   123.58.10.238 | POST     "/webhook/event"
time="2024-08-11T18:07:28+08:00" level=info msg="Handling message: {\"text\":\"@_all ...\"}"
time="2024-08-11T18:07:28+08:00" level=info msg="进入到了消息处理器, 消息内容: {\"text\":\"@_all ...\"}"
time="2024-08-11T18:07:28+08:00" level=info msg="未艾特机器人, 不处理"
time="2024-08-11T18:07:28+08:00" level=info msg="Finishing handling message: {\"text\":\"@_all ...\"}"
[GIN] 2024/08/11 - 18:07:28 | 200 |     4.61743ms |   123.58.10.238 | POST     "/webhook/event"
time="2024-08-11T18:07:34+08:00" level=info msg="Handling message: {\"text\":\"@_user_1 123\"}"
time="2024-08-11T18:07:34+08:00" level=info msg="进入到了消息处理器, 消息内容: {\"text\":\"@_user_1 123\"}"
time="2024-08-11T18:07:34+08:00" level=info msg="QWeatherHandler is handling the message"
time="2024-08-11T18:07:34+08:00" level=error msg="invalid command: 123"
2024/08/11 18:07:34 [Debug] [req:POST,/open-apis/im/v1/messages]
time="2024-08-11T18:07:35+08:00" level=info msg="Finishing handling message: {\"text\":\"@_user_1 123\"}"
[GIN] 2024/08/11 - 18:07:35 | 200 |  436.019951ms |   123.58.10.238 | POST     "/webhook/event"
time="2024-08-11T19:02:09+08:00" level=info msg="Handling message: {\"text\":\"@_user_1 /today/海淀\"}"
time="2024-08-11T19:02:09+08:00" level=info msg="进入到了消息处理器, 消息内容: {\"text\":\"@_user_1 /today/海淀\"}"
time="2024-08-11T19:02:09+08:00" level=info msg="QWeatherHandler is handling the message"
time="2024-08-11T19:02:09+08:00" level=info msg="handling today weather"
2024/08/11 19:02:09 [Debug] [req:POST,/open-apis/auth/v3/tenant_access_token/internal]
2024/08/11 19:02:09 [Debug] [req:POST,/open-apis/im/v1/messages]
time="2024-08-11T19:02:09+08:00" level=info msg="Finishing handling message: {\"text\":\"@_user_1 /today/海淀\"}"
[GIN] 2024/08/11 - 19:02:09 | 200 |  773.789841ms | 220.243.131.172 | POST     "/webhook/event"
time="2024-08-11T19:02:32+08:00" level=info msg="Handling message: {\"text\":\"@_user_1 /today/海淀\"}"
time="2024-08-11T19:02:32+08:00" level=info msg="进入到了消息处理器, 消息内容: {\"text\":\"@_user_1 /today/海淀\"}"
time="2024-08-11T19:02:32+08:00" level=info msg="QWeatherHandler is handling the message"
time="2024-08-11T19:02:32+08:00" level=info msg="handling today weather"
2024/08/11 19:02:32 [Debug] [req:POST,/open-apis/im/v1/messages]
time="2024-08-11T19:02:33+08:00" level=info msg="Finishing handling message: {\"text\":\"@_user_1 /today/海淀\"}"
[GIN] 2024/08/11 - 19:02:33 | 200 |  645.914365ms | 220.243.131.172 | POST     "/webhook/event"
time="2024-08-11T19:03:45+08:00" level=info msg="Handling message: {\"text\":\"@_user_1 /today/海淀\"}"
time="2024-08-11T19:03:45+08:00" level=info msg="进入到了消息处理器, 消息内容: {\"text\":\"@_user_1 /today/海淀\"}"
time="2024-08-11T19:03:45+08:00" level=info msg="QWeatherHandler is handling the message"
time="2024-08-11T19:03:45+08:00" level=info msg="handling today weather"
2024/08/11 19:03:46 [Debug] [req:POST,/open-apis/im/v1/messages]
time="2024-08-11T19:03:47+08:00" level=info msg="Finishing handling message: {\"text\":\"@_user_1 /today/海淀\"}"
[GIN] 2024/08/11 - 19:03:47 | 200 |  1.060450944s | 220.243.131.172 | POST     "/webhook/event"
time="2024-08-11T19:05:00+08:00" level=info msg="Handling message: {\"text\":\"@_user_1 /today/海淀\"}"
time="2024-08-11T19:05:00+08:00" level=info msg="进入到了消息处理器, 消息内容: {\"text\":\"@_user_1 /today/海淀\"}"
time="2024-08-11T19:05:00+08:00" level=info msg="QWeatherHandler is handling the message"
time="2024-08-11T19:05:00+08:00" level=info msg="handling today weather"
2024/08/11 19:05:00 [Debug] [req:POST,/open-apis/im/v1/messages]
time="2024-08-11T19:05:00+08:00" level=info msg="Finishing handling message: {\"text\":\"@_user_1 /today/海淀\"}"
[GIN] 2024/08/11 - 19:05:00 | 200 |  548.186104ms |   123.58.10.239 | POST     "/webhook/event"
